<?xml version='1.0' encoding='UTF-8'?>
<result plugin="junit@1.13">
  <suites>
    <suite>
      <file>/var/jenkins_home/jobs/JaemzwareSiteValidation/workspace/target/surefire-reports/TEST-com.jaemzware.seleniumcodebase.JaemzwareSiteValidation.xml</file>
      <name>com.jaemzware.seleniumcodebase.JaemzwareSiteValidation</name>
      <duration>87.625</duration>
      <time>87.625</time>
      <cases>
        <case>
          <duration>11.679</duration>
          <className>com.jaemzware.seleniumcodebase.JaemzwareSiteValidation</className>
          <testName>DynamicUtilityServices</testName>
          <skipped>false</skipped>
          <failedSince>0</failedSince>
        </case>
        <case>
          <duration>14.818</duration>
          <className>com.jaemzware.seleniumcodebase.JaemzwareSiteValidation</className>
          <testName>AnalogArchive</testName>
          <skipped>false</skipped>
          <failedSince>0</failedSince>
        </case>
        <case>
          <duration>10.111</duration>
          <className>com.jaemzware.seleniumcodebase.JaemzwareSiteValidation</className>
          <testName>JoeyPaintbrush</testName>
          <skipped>false</skipped>
          <failedSince>0</failedSince>
        </case>
        <case>
          <duration>8.62</duration>
          <className>com.jaemzware.seleniumcodebase.JaemzwareSiteValidation</className>
          <testName>BlackMarketSkatesCustomVideoPlayer</testName>
          <skipped>false</skipped>
          <failedSince>0</failedSince>
        </case>
        <case>
          <duration>2.733</duration>
          <className>com.jaemzware.seleniumcodebase.JaemzwareSiteValidation</className>
          <testName>Jaemzware</testName>
          <skipped>false</skipped>
          <failedSince>0</failedSince>
        </case>
        <case>
          <duration>6.701</duration>
          <className>com.jaemzware.seleniumcodebase.JaemzwareSiteValidation</className>
          <testName>SkatecreteordieUsingPageObject</testName>
          <skipped>false</skipped>
          <failedSince>0</failedSince>
        </case>
        <case>
          <duration>5.669</duration>
          <className>com.jaemzware.seleniumcodebase.JaemzwareSiteValidation</className>
          <testName>SeattleRules</testName>
          <skipped>false</skipped>
          <failedSince>0</failedSince>
        </case>
        <case>
          <duration>8.204</duration>
          <className>com.jaemzware.seleniumcodebase.JaemzwareSiteValidation</className>
          <testName>StuffedAnimalWar</testName>
          <skipped>false</skipped>
          <failedSince>0</failedSince>
        </case>
        <case>
          <duration>4.731</duration>
          <className>com.jaemzware.seleniumcodebase.JaemzwareSiteValidation</className>
          <testName>BlackMarketSkatesHomePageImages</testName>
          <skipped>false</skipped>
          <failedSince>0</failedSince>
        </case>
        <case>
          <duration>5.596</duration>
          <className>com.jaemzware.seleniumcodebase.JaemzwareSiteValidation</className>
          <testName>Skatecreteordie</testName>
          <skipped>false</skipped>
          <failedSince>0</failedSince>
        </case>
        <case>
          <duration>3.034</duration>
          <className>com.jaemzware.seleniumcodebase.JaemzwareSiteValidation</className>
          <testName>SkatecreteordieChat</testName>
          <skipped>false</skipped>
          <failedSince>0</failedSince>
        </case>
      </cases>
    </suite>
  </suites>
  <duration>87.625</duration>
  <keepLongStdio>false</keepLongStdio>
</result>