<?xml version='1.0' encoding='UTF-8'?>
<result plugin="junit@1.11">
  <suites>
    <suite>
      <file>/var/jenkins_home/workspace/BOARD-NORTHWESTSKATER/target/surefire-reports/TEST-com.jaemzware.board.BoardScrub.xml</file>
      <name>com.jaemzware.board.BoardScrub</name>
      <duration>54.908</duration>
      <cases>
        <case>
          <duration>54.908</duration>
          <className>com.jaemzware.board.BoardScrub</className>
          <testName>BuildPageOfFoundLinks</testName>
          <skipped>false</skipped>
          <failedSince>0</failedSince>
        </case>
      </cases>
    </suite>
  </suites>
  <duration>54.908</duration>
  <keepLongStdio>false</keepLongStdio>
</result>