<?xml version='1.0' encoding='UTF-8'?>
<result plugin="junit@1.13">
  <suites>
    <suite>
      <file>/var/jenkins_home/jobs/BOARD-RESULTPLACE/workspace/target/surefire-reports/TEST-com.jaemzware.board.ResultPlace.xml</file>
      <name>com.jaemzware.board.ResultPlace</name>
      <duration>31.496</duration>
      <time>31.496</time>
      <cases>
        <case>
          <duration>30.778</duration>
          <className>com.jaemzware.board.ResultPlace</className>
          <testName>ResultPlace</testName>
          <skipped>false</skipped>
          <failedSince>0</failedSince>
        </case>
      </cases>
    </suite>
  </suites>
  <duration>31.496</duration>
  <keepLongStdio>false</keepLongStdio>
</result>