<?xml version='1.0' encoding='UTF-8'?>
<result plugin="junit@1.13">
  <suites>
    <suite>
      <file>/var/jenkins_home/jobs/JaemzwareSiteValidation/workspace/target/surefire-reports/TEST-com.jaemzware.seleniumcodebase.JaemzwareSiteValidation.xml</file>
      <name>com.jaemzware.seleniumcodebase.JaemzwareSiteValidation</name>
      <duration>74.79</duration>
      <time>74.79</time>
      <cases>
        <case>
          <duration>8.254</duration>
          <className>com.jaemzware.seleniumcodebase.JaemzwareSiteValidation</className>
          <testName>DynamicUtilityServices</testName>
          <skipped>false</skipped>
          <failedSince>0</failedSince>
        </case>
        <case>
          <duration>14.986</duration>
          <className>com.jaemzware.seleniumcodebase.JaemzwareSiteValidation</className>
          <testName>AnalogArchive</testName>
          <skipped>false</skipped>
          <failedSince>0</failedSince>
        </case>
        <case>
          <duration>10.201</duration>
          <className>com.jaemzware.seleniumcodebase.JaemzwareSiteValidation</className>
          <testName>JoeyPaintbrush</testName>
          <skipped>false</skipped>
          <failedSince>0</failedSince>
        </case>
        <case>
          <duration>8.828</duration>
          <className>com.jaemzware.seleniumcodebase.JaemzwareSiteValidation</className>
          <testName>BlackMarketSkatesCustomVideoPlayer</testName>
          <skipped>false</skipped>
          <failedSince>0</failedSince>
        </case>
        <case>
          <duration>3.456</duration>
          <className>com.jaemzware.seleniumcodebase.JaemzwareSiteValidation</className>
          <testName>Jaemzware</testName>
          <skipped>false</skipped>
          <failedSince>0</failedSince>
        </case>
        <case>
          <duration>5.114</duration>
          <className>com.jaemzware.seleniumcodebase.JaemzwareSiteValidation</className>
          <testName>SeattleRules</testName>
          <skipped>false</skipped>
          <failedSince>0</failedSince>
        </case>
        <case>
          <duration>6.253</duration>
          <className>com.jaemzware.seleniumcodebase.JaemzwareSiteValidation</className>
          <testName>StuffedAnimalWar</testName>
          <skipped>false</skipped>
          <failedSince>0</failedSince>
        </case>
        <case>
          <duration>7.304</duration>
          <className>com.jaemzware.seleniumcodebase.JaemzwareSiteValidation</className>
          <testName>BlackMarketSkatesHomePageImages</testName>
          <skipped>false</skipped>
          <failedSince>0</failedSince>
        </case>
        <case>
          <duration>5.966</duration>
          <className>com.jaemzware.seleniumcodebase.JaemzwareSiteValidation</className>
          <testName>Skatecreteordie</testName>
          <skipped>false</skipped>
          <failedSince>0</failedSince>
        </case>
        <case>
          <duration>3.883</duration>
          <className>com.jaemzware.seleniumcodebase.JaemzwareSiteValidation</className>
          <testName>SkatecreteordieChat</testName>
          <skipped>false</skipped>
          <failedSince>0</failedSince>
        </case>
      </cases>
    </suite>
  </suites>
  <duration>74.79</duration>
  <keepLongStdio>false</keepLongStdio>
</result>