<?xml version='1.0' encoding='UTF-8'?>
<result plugin="junit@1.13">
  <suites>
    <suite>
      <file>/var/jenkins_home/jobs/VerifyLogos/workspace/target/surefire-reports/TEST-com.jaemzware.seleniumcodebase.Scratch.xml</file>
      <name>com.jaemzware.seleniumcodebase.Scratch</name>
      <duration>31.134</duration>
      <time>31.134</time>
      <cases>
        <case>
          <duration>30.688</duration>
          <className>com.jaemzware.seleniumcodebase.Scratch</className>
          <testName>VerifyLogos</testName>
          <skipped>false</skipped>
          <failedSince>0</failedSince>
        </case>
      </cases>
    </suite>
  </suites>
  <duration>31.134</duration>
  <keepLongStdio>false</keepLongStdio>
</result>